<?xml version="1.0" encoding="UTF-8"?>
<!-- Generated by org.testng.reporters.JUnitReportReporter -->
<testsuite skipped="2" hostname="LAPTOP-EBUL8M11" name="Pruebas.TestLogin" tests="3" failures="0" timestamp="2021-01-11T19:18:51 COT" time="1.268" errors="1">
  <testcase name="correctLogin" time="0.000" classname="Pruebas.TestLogin">
    <skipped/>
  </testcase> <!-- correctLogin -->
  <system-out/>
  <testcase name="errorLogin" time="0.000" classname="Pruebas.TestLogin">
    <skipped/>
  </testcase> <!-- errorLogin -->
  <system-out/>
  <testcase name="setUp" time="1.268" classname="Pruebas.TestLogin">
    <error type="org.openqa.selenium.WebDriverException" message="Error forwarding the new session cannot find : Capabilities {browserName: chrome, browserVersion: 87, goog:chromeOptions: {args: [], extensions: []}, platformName: linux}
Build info: version: &#039;4.0.0-alpha-6&#039;, revision: &#039;5f43a29cfc&#039;
System info: host: &#039;LAPTOP-EBUL8M11&#039;, ip: &#039;192.168.1.19&#039;, os.name: &#039;Windows 10&#039;, os.arch: &#039;amd64&#039;, os.version: &#039;10.0&#039;, java.version: &#039;1.8.0_271&#039;
Driver info: driver.version: RemoteWebDriver
remote stacktrace: org.openqa.grid.common.exception.GridException: Error forwarding the new session cannot find : Capabilities {browserName: chrome, browserVersion: 87, goog:chromeOptions: {args: [], extensions: []}, platformName: linux}
	at org.openqa.grid.web.servlet.handler.RequestHandler.process(RequestHandler.java:118)
	at org.openqa.grid.web.servlet.DriverServlet.process(DriverServlet.java:85)
	at org.openqa.grid.web.servlet.DriverServlet.doPost(DriverServlet.java:69)
	at javax.servlet.http.HttpServlet.service(HttpServlet.java:707)
	at javax.servlet.http.HttpServlet.service(HttpServlet.java:790)
	at org.seleniumhq.jetty9.servlet.ServletHolder.handle(ServletHolder.java:865)
	at org.seleniumhq.jetty9.servlet.ServletHandler.doHandle(ServletHandler.java:535)
	at org.seleniumhq.jetty9.server.handler.ScopedHandler.handle(ScopedHandler.java:146)
	at org.seleniumhq.jetty9.security.SecurityHandler.handle(SecurityHandler.java:548)
	at org.seleniumhq.jetty9.server.handler.HandlerWrapper.handle(HandlerWrapper.java:132)
	at org.seleniumhq.jetty9.server.handler.ScopedHandler.nextHandle(ScopedHandler.java:257)
	at org.seleniumhq.jetty9.server.session.SessionHandler.doHandle(SessionHandler.java:1595)
	at org.seleniumhq.jetty9.server.handler.ScopedHandler.nextHandle(ScopedHandler.java:255)
	at org.seleniumhq.jetty9.server.handler.ContextHandler.doHandle(ContextHandler.java:1340)
	at org.seleniumhq.jetty9.server.handler.ScopedHandler.nextScope(ScopedHandler.java:203)
	at org.seleniumhq.jetty9.servlet.ServletHandler.doScope(ServletHandler.java:473)
	at org.seleniumhq.jetty9.server.session.SessionHandler.doScope(SessionHandler.java:1564)
	at org.seleniumhq.jetty9.server.handler.ScopedHandler.nextScope(ScopedHandler.java:201)
	at org.seleniumhq.jetty9.server.handler.ContextHandler.doScope(ContextHandler.java:1242)
	at org.seleniumhq.jetty9.server.handler.ScopedHandler.handle(ScopedHandler.java:144)
	at org.seleniumhq.jetty9.server.handler.HandlerWrapper.handle(HandlerWrapper.java:132)
	at org.seleniumhq.jetty9.server.Server.handle(Server.java:503)
	at org.seleniumhq.jetty9.server.HttpChannel.handle(HttpChannel.java:364)
	at org.seleniumhq.jetty9.server.HttpConnection.onFillable(HttpConnection.java:260)
	at org.seleniumhq.jetty9.io.AbstractConnection$ReadCallback.succeeded(AbstractConnection.java:305)
	at org.seleniumhq.jetty9.io.FillInterest.fillable(FillInterest.java:103)
	at org.seleniumhq.jetty9.io.ChannelEndPoint$2.run(ChannelEndPoint.java:118)
	at org.seleniumhq.jetty9.util.thread.strategy.EatWhatYouKill.runTask(EatWhatYouKill.java:333)
	at org.seleniumhq.jetty9.util.thread.strategy.EatWhatYouKill.doProduce(EatWhatYouKill.java:310)
	at org.seleniumhq.jetty9.util.thread.strategy.EatWhatYouKill.tryProduce(EatWhatYouKill.java:168)
	at org.seleniumhq.jetty9.util.thread.strategy.EatWhatYouKill.run(EatWhatYouKill.java:126)
	at org.seleniumhq.jetty9.util.thread.ReservedThreadExecutor$ReservedThread.run(ReservedThreadExecutor.java:366)
	at org.seleniumhq.jetty9.util.thread.QueuedThreadPool.runJob(QueuedThreadPool.java:765)
	at org.seleniumhq.jetty9.util.thread.QueuedThreadPool$2.run(QueuedThreadPool.java:683)
	at java.lang.Thread.run(Thread.java:748)
Caused by: org.openqa.grid.common.exception.CapabilityNotPresentOnTheGridException: cannot find : Capabilities {browserName: chrome, browserVersion: 87, goog:chromeOptions: {args: [], extensions: []}, platformName: linux}
	at org.openqa.grid.internal.ProxySet.verifyAbilityToHandleDesiredCapabilities(ProxySet.java:153)
	at org.openqa.grid.internal.DefaultGridRegistry.addNewSessionRequest(DefaultGridRegistry.java:217)
	at org.openqa.grid.web.servlet.handler.RequestHandler.process(RequestHandler.java:111)
	... 34 more
">
      <![CDATA[org.openqa.selenium.WebDriverException: Error forwarding the new session cannot find : Capabilities {browserName: chrome, browserVersion: 87, goog:chromeOptions: {args: [], extensions: []}, platformName: linux}
Build info: version: '4.0.0-alpha-6', revision: '5f43a29cfc'
System info: host: 'LAPTOP-EBUL8M11', ip: '192.168.1.19', os.name: 'Windows 10', os.arch: 'amd64', os.version: '10.0', java.version: '1.8.0_271'
Driver info: driver.version: RemoteWebDriver
remote stacktrace: org.openqa.grid.common.exception.GridException: Error forwarding the new session cannot find : Capabilities {browserName: chrome, browserVersion: 87, goog:chromeOptions: {args: [], extensions: []}, platformName: linux}
at org.openqa.grid.web.servlet.handler.RequestHandler.process(RequestHandler.java:118)
at org.openqa.grid.web.servlet.DriverServlet.process(DriverServlet.java:85)
at org.openqa.grid.web.servlet.DriverServlet.doPost(DriverServlet.java:69)
at javax.servlet.http.HttpServlet.service(HttpServlet.java:707)
at javax.servlet.http.HttpServlet.service(HttpServlet.java:790)
at org.seleniumhq.jetty9.servlet.ServletHolder.handle(ServletHolder.java:865)
at org.seleniumhq.jetty9.servlet.ServletHandler.doHandle(ServletHandler.java:535)
at org.seleniumhq.jetty9.server.handler.ScopedHandler.handle(ScopedHandler.java:146)
at org.seleniumhq.jetty9.security.SecurityHandler.handle(SecurityHandler.java:548)
at org.seleniumhq.jetty9.server.handler.HandlerWrapper.handle(HandlerWrapper.java:132)
at org.seleniumhq.jetty9.server.handler.ScopedHandler.nextHandle(ScopedHandler.java:257)
at org.seleniumhq.jetty9.server.session.SessionHandler.doHandle(SessionHandler.java:1595)
at org.seleniumhq.jetty9.server.handler.ScopedHandler.nextHandle(ScopedHandler.java:255)
at org.seleniumhq.jetty9.server.handler.ContextHandler.doHandle(ContextHandler.java:1340)
at org.seleniumhq.jetty9.server.handler.ScopedHandler.nextScope(ScopedHandler.java:203)
at org.seleniumhq.jetty9.servlet.ServletHandler.doScope(ServletHandler.java:473)
at org.seleniumhq.jetty9.server.session.SessionHandler.doScope(SessionHandler.java:1564)
at org.seleniumhq.jetty9.server.handler.ScopedHandler.nextScope(ScopedHandler.java:201)
at org.seleniumhq.jetty9.server.handler.ContextHandler.doScope(ContextHandler.java:1242)
at org.seleniumhq.jetty9.server.handler.ScopedHandler.handle(ScopedHandler.java:144)
at org.seleniumhq.jetty9.server.handler.HandlerWrapper.handle(HandlerWrapper.java:132)
at org.seleniumhq.jetty9.server.Server.handle(Server.java:503)
at org.seleniumhq.jetty9.server.HttpChannel.handle(HttpChannel.java:364)
at org.seleniumhq.jetty9.server.HttpConnection.onFillable(HttpConnection.java:260)
at org.seleniumhq.jetty9.io.AbstractConnection$ReadCallback.succeeded(AbstractConnection.java:305)
at org.seleniumhq.jetty9.io.FillInterest.fillable(FillInterest.java:103)
at org.seleniumhq.jetty9.io.ChannelEndPoint$2.run(ChannelEndPoint.java:118)
at org.seleniumhq.jetty9.util.thread.strategy.EatWhatYouKill.runTask(EatWhatYouKill.java:333)
at org.seleniumhq.jetty9.util.thread.strategy.EatWhatYouKill.doProduce(EatWhatYouKill.java:310)
at org.seleniumhq.jetty9.util.thread.strategy.EatWhatYouKill.tryProduce(EatWhatYouKill.java:168)
at org.seleniumhq.jetty9.util.thread.strategy.EatWhatYouKill.run(EatWhatYouKill.java:126)
at org.seleniumhq.jetty9.util.thread.ReservedThreadExecutor$ReservedThread.run(ReservedThreadExecutor.java:366)
at org.seleniumhq.jetty9.util.thread.QueuedThreadPool.runJob(QueuedThreadPool.java:765)
at org.seleniumhq.jetty9.util.thread.QueuedThreadPool$2.run(QueuedThreadPool.java:683)
at java.lang.Thread.run(Thread.java:748)
Caused by: org.openqa.grid.common.exception.CapabilityNotPresentOnTheGridException: cannot find : Capabilities {browserName: chrome, browserVersion: 87, goog:chromeOptions: {args: [], extensions: []}, platformName: linux}
at org.openqa.grid.internal.ProxySet.verifyAbilityToHandleDesiredCapabilities(ProxySet.java:153)
at org.openqa.grid.internal.DefaultGridRegistry.addNewSessionRequest(DefaultGridRegistry.java:217)
at org.openqa.grid.web.servlet.handler.RequestHandler.process(RequestHandler.java:111)
... 34 more

at sun.reflect.NativeConstructorAccessorImpl.newInstance0(Native Method)
at sun.reflect.NativeConstructorAccessorImpl.newInstance(NativeConstructorAccessorImpl.java:62)
at sun.reflect.DelegatingConstructorAccessorImpl.newInstance(DelegatingConstructorAccessorImpl.java:45)
at java.lang.reflect.Constructor.newInstance(Constructor.java:423)
at org.openqa.selenium.remote.W3CHandshakeResponse.lambda$errorHandler$0(W3CHandshakeResponse.java:62)
at org.openqa.selenium.remote.HandshakeResponse.lambda$getResponseFunction$0(HandshakeResponse.java:30)
at org.openqa.selenium.remote.ProtocolHandshake.lambda$createSession$1(ProtocolHandshake.java:126)
at java.util.stream.ReferencePipeline$3$1.accept(ReferencePipeline.java:193)
at java.util.Spliterators$ArraySpliterator.tryAdvance(Spliterators.java:958)
at java.util.stream.ReferencePipeline.forEachWithCancel(ReferencePipeline.java:126)
at java.util.stream.AbstractPipeline.copyIntoWithCancel(AbstractPipeline.java:499)
at java.util.stream.AbstractPipeline.copyInto(AbstractPipeline.java:486)
at java.util.stream.AbstractPipeline.wrapAndCopyInto(AbstractPipeline.java:472)
at java.util.stream.FindOps$FindOp.evaluateSequential(FindOps.java:152)
at java.util.stream.AbstractPipeline.evaluate(AbstractPipeline.java:234)
at java.util.stream.ReferencePipeline.findFirst(ReferencePipeline.java:464)
at org.openqa.selenium.remote.ProtocolHandshake.createSession(ProtocolHandshake.java:128)
at org.openqa.selenium.remote.ProtocolHandshake.createSession(ProtocolHandshake.java:75)
at org.openqa.selenium.remote.HttpCommandExecutor.execute(HttpCommandExecutor.java:139)
at org.openqa.selenium.remote.RemoteWebDriver.execute(RemoteWebDriver.java:501)
at org.openqa.selenium.remote.RemoteWebDriver.startSession(RemoteWebDriver.java:207)
at org.openqa.selenium.remote.RemoteWebDriver.<init>(RemoteWebDriver.java:127)
at org.openqa.selenium.remote.RemoteWebDriver.<init>(RemoteWebDriver.java:140)
at Pruebas.TestLogin.setUp(TestLogin.java:39)
at sun.reflect.NativeMethodAccessorImpl.invoke0(Native Method)
at sun.reflect.NativeMethodAccessorImpl.invoke(NativeMethodAccessorImpl.java:62)
at sun.reflect.DelegatingMethodAccessorImpl.invoke(DelegatingMethodAccessorImpl.java:43)
at java.lang.reflect.Method.invoke(Method.java:498)
at org.testng.internal.MethodInvocationHelper.invokeMethod(MethodInvocationHelper.java:132)
at org.testng.internal.MethodInvocationHelper.invokeMethodConsideringTimeout(MethodInvocationHelper.java:61)
at org.testng.internal.ConfigInvoker.invokeConfigurationMethod(ConfigInvoker.java:366)
at org.testng.internal.ConfigInvoker.invokeConfigurations(ConfigInvoker.java:320)
at org.testng.SuiteRunner.privateRun(SuiteRunner.java:327)
at org.testng.SuiteRunner.run(SuiteRunner.java:286)
at org.testng.SuiteRunnerWorker.runSuite(SuiteRunnerWorker.java:53)
at org.testng.SuiteRunnerWorker.run(SuiteRunnerWorker.java:96)
at org.testng.TestNG.runSuitesSequentially(TestNG.java:1218)
at org.testng.TestNG.runSuitesLocally(TestNG.java:1140)
at org.testng.TestNG.runSuites(TestNG.java:1069)
at org.testng.TestNG.run(TestNG.java:1037)
at org.apache.maven.surefire.testng.TestNGExecutor.run(TestNGExecutor.java:135)
at org.apache.maven.surefire.testng.TestNGDirectoryTestSuite.executeMulti(TestNGDirectoryTestSuite.java:193)
at org.apache.maven.surefire.testng.TestNGDirectoryTestSuite.execute(TestNGDirectoryTestSuite.java:94)
at org.apache.maven.surefire.testng.TestNGProvider.invoke(TestNGProvider.java:146)
at org.apache.maven.surefire.booter.ForkedBooter.runSuitesInProcess(ForkedBooter.java:377)
at org.apache.maven.surefire.booter.ForkedBooter.execute(ForkedBooter.java:138)
at org.apache.maven.surefire.booter.ForkedBooter.run(ForkedBooter.java:465)
at org.apache.maven.surefire.booter.ForkedBooter.main(ForkedBooter.java:451)
]]>
    </error>
  </testcase> <!-- setUp -->
  <system-out/>
</testsuite> <!-- Pruebas.TestLogin -->
