<?xml version="1.0" encoding="UTF-8"?>
<!-- Generated by org.testng.reporters.JUnitReportReporter -->
<testsuite skipped="0" hostname="LAPTOP-EBUL8M11" name="Pruebas.TestLogin" tests="2" failures="0" timestamp="2021-01-08T21:31:24 COT" time="5.881" errors="0">
  <testcase name="errorLogin" time="1.110" classname="Pruebas.TestLogin"/>
  <system-out/>
  <testcase name="correctLogin" time="4.771" classname="Pruebas.TestLogin"/>
  <system-out/>
</testsuite> <!-- Pruebas.TestLogin -->
