<?xml version="1.0" encoding="UTF-8"?>
<!-- Generated by org.testng.reporters.JUnitReportReporter -->
<testsuite skipped="0" hostname="LAPTOP-EBUL8M11" name="Pruebas.TestLogin" tests="2" failures="0" timestamp="2021-01-10T21:37:59 COT" time="4.048" errors="0">
  <testcase name="correctLogin" time="3.083" classname="Pruebas.TestLogin"/>
  <system-out/>
  <testcase name="errorLogin" time="0.965" classname="Pruebas.TestLogin"/>
  <system-out/>
</testsuite> <!-- Pruebas.TestLogin -->
