<?xml version="1.0" encoding="UTF-8"?>
<!-- Generated by org.testng.reporters.JUnitReportReporter -->
<<<<<<< HEAD
<testsuite skipped="0" hostname="LAPTOP-EBUL8M11" name="Pruebas.TestLogin" tests="2" failures="0" timestamp="2021-01-06T12:22:13 COT" time="5.550" errors="0">
  <testcase name="errorLogin" time="1.099" classname="Pruebas.TestLogin"/>
  <system-out/>
  <testcase name="correctLogin" time="4.451" classname="Pruebas.TestLogin"/>
=======
<testsuite skipped="0" hostname="GuidoRobles-PC" name="Pruebas.TestLogin" tests="2" failures="0" timestamp="2021-01-06T15:24:10 COT" time="5.176" errors="0">
  <testcase name="correctLogin" time="3.708" classname="Pruebas.TestLogin"/>
  <system-out/>
  <testcase name="errorLogin" time="1.468" classname="Pruebas.TestLogin"/>
>>>>>>> 447b4e3f30749b04e3e958145a37f4961fc99c6f
  <system-out/>
</testsuite> <!-- Pruebas.TestLogin -->
