<?xml version="1.0" encoding="UTF-8"?>
<!-- Generated by org.testng.reporters.JUnitReportReporter -->
<testsuite skipped="0" hostname="GuidoRobles-PC" name="Pruebas.TestLogin" tests="2" failures="0" timestamp="2021-01-06T15:24:10 COT" time="5.176" errors="0">
  <testcase name="correctLogin" time="3.708" classname="Pruebas.TestLogin"/>
  <system-out/>
  <testcase name="errorLogin" time="1.468" classname="Pruebas.TestLogin"/>
  <system-out/>
</testsuite> <!-- Pruebas.TestLogin -->
