<?xml version="1.0" encoding="UTF-8"?>
<!-- Generated by org.testng.reporters.JUnitReportReporter -->
<testsuite skipped="0" hostname="LAPTOP-EBUL8M11" name="Pruebas.TestLogin" tests="2" failures="0" timestamp="2021-01-11T00:43:02 COT" time="4.249" errors="0">
  <testcase name="errorLogin" time="0.892" classname="Pruebas.TestLogin"/>
  <system-out/>
  <testcase name="correctLogin" time="3.357" classname="Pruebas.TestLogin"/>
  <system-out/>
</testsuite> <!-- Pruebas.TestLogin -->
