<?xml version="1.0" encoding="UTF-8"?>
<!-- Generated by org.testng.reporters.JUnitReportReporter -->
<testsuite skipped="0" hostname="LAPTOP-EBUL8M11" name="Pruebas.TestLogin" tests="2" failures="0" timestamp="2021-01-06T12:22:13 COT" time="5.550" errors="0">
  <testcase name="errorLogin" time="1.099" classname="Pruebas.TestLogin"/>
  <system-out/>
  <testcase name="correctLogin" time="4.451" classname="Pruebas.TestLogin"/>
  <system-out/>
</testsuite> <!-- Pruebas.TestLogin -->
