<?xml version="1.0" encoding="UTF-8"?>
<!-- Generated by org.testng.reporters.JUnitReportReporter -->
<testsuite skipped="0" hostname="GuidoRobles-PC" name="Automation.AutomationHW.AppTest" tests="1" failures="0" timestamp="2021-01-05T17:17:57 COT" time="0.001" errors="0">
  <testcase name="testApp" time="0.001" classname="Automation.AutomationHW.AppTest"/>
  <system-out/>
</testsuite> <!-- Automation.AutomationHW.AppTest -->
