<?xml version="1.0" encoding="UTF-8"?>
<!-- Generated by org.testng.reporters.JUnitReportReporter -->
<testsuite skipped="0" hostname="LAPTOP-EBUL8M11" name="Automation.AutomationHW.AppTest" tests="1" failures="0" timestamp="2021-01-11T19:18:51 COT" time="0.004" errors="0">
  <testcase name="testApp" time="0.004" classname="Automation.AutomationHW.AppTest"/>
  <system-out/>
</testsuite> <!-- Automation.AutomationHW.AppTest -->
