<?xml version="1.0" encoding="UTF-8"?>
<!-- Generated by org.testng.reporters.JUnitReportReporter -->
<<<<<<< HEAD
<testsuite skipped="0" hostname="LAPTOP-EBUL8M11" name="Automation.AutomationHW.AppTest" tests="1" failures="0" timestamp="2021-01-06T12:22:13 COT" time="0.005" errors="0">
  <testcase name="testApp" time="0.005" classname="Automation.AutomationHW.AppTest"/>
=======
<testsuite skipped="0" hostname="GuidoRobles-PC" name="Automation.AutomationHW.AppTest" tests="1" failures="0" timestamp="2021-01-06T15:24:10 COT" time="0.001" errors="0">
  <testcase name="testApp" time="0.001" classname="Automation.AutomationHW.AppTest"/>
>>>>>>> 447b4e3f30749b04e3e958145a37f4961fc99c6f
  <system-out/>
</testsuite> <!-- Automation.AutomationHW.AppTest -->
