<?xml version="1.0" encoding="UTF-8"?>
<!-- Generated by org.testng.reporters.JUnitReportReporter -->
<testsuite hostname="GuidoRobles-PC" failures="0" tests="2" name="Pruebas.TestLogin" time="11.511" errors="0" timestamp="2021-01-05T16:09:56 PET" skipped="0">
  <testcase classname="Pruebas.TestLogin" name="errorLogin" time="2.067"/>
  <system-out/>
  <testcase classname="Pruebas.TestLogin" name="correctLogin" time="9.444"/>
  <system-out/>
</testsuite> <!-- Pruebas.TestLogin -->
