<?xml version="1.0" encoding="UTF-8"?>
<!-- Generated by org.testng.reporters.JUnitReportReporter -->
<testsuite hostname="GuidoRobles-PC" failures="0" tests="2" name="Pruebas.TestLogin" time="15.606" errors="0" timestamp="2021-01-06T13:42:33 PET" skipped="0">
  <testcase classname="Pruebas.TestLogin" name="errorLogin" time="3.093"/>
  <system-out/>
  <testcase classname="Pruebas.TestLogin" name="correctLogin" time="12.513"/>
  <system-out/>
</testsuite> <!-- Pruebas.TestLogin -->
