<?xml version="1.0" encoding="UTF-8"?>
<!-- Generated by org.testng.reporters.JUnitReportReporter -->
<testsuite hostname="GuidoRobles-PC" failures="0" tests="2" name="Pruebas.TestLogin" time="6.205" errors="0" timestamp="2021-01-06T15:22:15 PET" skipped="0">
  <testcase classname="Pruebas.TestLogin" name="correctLogin" time="4.409"/>
  <system-out/>
  <testcase classname="Pruebas.TestLogin" name="errorLogin" time="1.796"/>
  <system-out/>
</testsuite> <!-- Pruebas.TestLogin -->
