<?xml version="1.0" encoding="UTF-8"?>
<!-- Generated by org.testng.reporters.JUnitReportReporter -->
<testsuite skipped="0" hostname="LAPTOP-EBUL8M11" name="Pruebas.TestLogin" tests="2" failures="0" timestamp="2021-01-08T21:17:51 COT" time="5.665" errors="0">
  <testcase name="correctLogin" time="4.477" classname="Pruebas.TestLogin"/>
  <system-out/>
  <testcase name="errorLogin" time="1.188" classname="Pruebas.TestLogin"/>
  <system-out/>
</testsuite> <!-- Pruebas.TestLogin -->
