<?xml version="1.0" encoding="UTF-8"?>
<!-- Generated by org.testng.reporters.JUnitReportReporter -->
<testsuite skipped="0" hostname="LAPTOP-EBUL8M11" name="Pruebas.TestLogin" tests="2" failures="0" timestamp="2021-01-09T19:56:41 COT" time="4.885" errors="0">
  <testcase name="errorLogin" time="1.126" classname="Pruebas.TestLogin"/>
  <system-out/>
  <testcase name="correctLogin" time="3.759" classname="Pruebas.TestLogin"/>
  <system-out/>
</testsuite> <!-- Pruebas.TestLogin -->
